[2023-05-16 11:22:17] [INFO]    [OmnipathR] Initialized cache: `/home/rtrimbou/.cache/OmnipathR`.
[2023-05-16 11:22:17] [INFO]    [OmnipathR] Welcome to OmnipathR!
[2023-05-16 13:39:43] [TRACE]   [OmnipathR] Loaded data from RDS `/home/rtrimbou/.cache/OmnipathR/8f81109124ed70555db4d6ae7359dcadda4d66e2-1.rds`.
[2023-05-16 13:39:43] [INFO]    [OmnipathR] Loaded from cache: `https://omnipathdb.org/interactions?genesymbols=yes&datasets=omnipath,pathwayextra,kinaseextra,ligrecextra&organisms=9606&source_target=AND&fields=sources,references,curation_effort&license=academic`
[2023-05-16 13:39:43] [SUCCESS] [OmnipathR] Loaded 134592 interactions from cache.
[2023-05-16 13:41:25] [TRACE]   [OmnipathR] Loaded data from RDS `/home/rtrimbou/.cache/OmnipathR/8f81109124ed70555db4d6ae7359dcadda4d66e2-1.rds`.
[2023-05-16 13:41:25] [INFO]    [OmnipathR] Loaded from cache: `https://omnipathdb.org/interactions?genesymbols=yes&datasets=omnipath,pathwayextra,kinaseextra,ligrecextra&organisms=9606&source_target=AND&fields=sources,references,curation_effort&license=academic`
[2023-05-16 13:41:26] [SUCCESS] [OmnipathR] Loaded 134592 interactions from cache.
[2023-05-16 13:47:26] [TRACE]   [OmnipathR] Loaded data from RDS `/home/rtrimbou/.cache/OmnipathR/8f81109124ed70555db4d6ae7359dcadda4d66e2-1.rds`.
[2023-05-16 13:47:26] [INFO]    [OmnipathR] Loaded from cache: `https://omnipathdb.org/interactions?genesymbols=yes&datasets=omnipath,pathwayextra,kinaseextra,ligrecextra&organisms=9606&source_target=AND&fields=sources,references,curation_effort&license=academic`
[2023-05-16 13:47:27] [SUCCESS] [OmnipathR] Loaded 134592 interactions from cache.
[2023-05-16 13:50:05] [TRACE]   [OmnipathR] Loaded data from RDS `/home/rtrimbou/.cache/OmnipathR/8f81109124ed70555db4d6ae7359dcadda4d66e2-1.rds`.
[2023-05-16 13:50:05] [INFO]    [OmnipathR] Loaded from cache: `https://omnipathdb.org/interactions?genesymbols=yes&datasets=omnipath,pathwayextra,kinaseextra,ligrecextra&organisms=9606&source_target=AND&fields=sources,references,curation_effort&license=academic`
[2023-05-16 13:50:06] [SUCCESS] [OmnipathR] Loaded 134592 interactions from cache.
[2023-05-16 13:59:45] [TRACE]   [OmnipathR] Loaded data from RDS `/home/rtrimbou/.cache/OmnipathR/8f81109124ed70555db4d6ae7359dcadda4d66e2-1.rds`.
[2023-05-16 13:59:45] [INFO]    [OmnipathR] Loaded from cache: `https://omnipathdb.org/interactions?genesymbols=yes&datasets=omnipath,pathwayextra,kinaseextra,ligrecextra&organisms=9606&source_target=AND&fields=sources,references,curation_effort&license=academic`
[2023-05-16 13:59:46] [SUCCESS] [OmnipathR] Loaded 134592 interactions from cache.
[2023-05-16 14:05:53] [TRACE]   [OmnipathR] Loaded data from RDS `/home/rtrimbou/.cache/OmnipathR/8f81109124ed70555db4d6ae7359dcadda4d66e2-1.rds`.
[2023-05-16 14:05:53] [INFO]    [OmnipathR] Loaded from cache: `https://omnipathdb.org/interactions?genesymbols=yes&datasets=omnipath,pathwayextra,kinaseextra,ligrecextra&organisms=9606&source_target=AND&fields=sources,references,curation_effort&license=academic`
[2023-05-16 14:05:54] [SUCCESS] [OmnipathR] Loaded 134592 interactions from cache.
