[2023-05-14 14:32:29] [INFO]    [OmnipathR] Initialized cache: `/home/rtrimbou/.cache/OmnipathR`.
[2023-05-14 14:32:29] [INFO]    [OmnipathR] Welcome to OmnipathR!
[2023-05-14 22:39:57] [INFO]    [OmnipathR] Cache record does not exist: `https://omnipathdb.org/interactions?genesymbols=yes&datasets=omnipath,pathwayextra,kinaseextra,ligrecextra&organisms=9606&source_target=AND&fields=sources,references,curation_effort&license=academic`
[2023-05-14 22:39:57] [INFO]    [OmnipathR] Retrieving URL: `https://omnipathdb.org/interactions?genesymbols=yes&datasets=omnipath,pathwayextra,kinaseextra,ligrecextra&organisms=9606&source_target=AND&fields=sources,references,curation_effort&license=academic`
[2023-05-14 22:39:57] [TRACE]   [OmnipathR] Attempt 1/3: `https://omnipathdb.org/interactions?genesymbols=yes&datasets=omnipath,pathwayextra,kinaseextra,ligrecextra&organisms=9606&source_target=AND&fields=sources,references,curation_effort&license=academic`
[2023-05-14 22:40:02] [INFO]    [OmnipathR] Cache item `8f81109124ed70555db4d6ae7359dcadda4d66e2` version 1: status changed from `unknown` to `started`.
[2023-05-14 22:40:02] [TRACE]   [OmnipathR] Exporting object to RDS: `/home/rtrimbou/.cache/OmnipathR/8f81109124ed70555db4d6ae7359dcadda4d66e2-1.rds`.
[2023-05-14 22:40:03] [TRACE]   [OmnipathR] Exported RDS to `/home/rtrimbou/.cache/OmnipathR/8f81109124ed70555db4d6ae7359dcadda4d66e2-1.rds`.
[2023-05-14 22:40:03] [INFO]    [OmnipathR] Download ready [key=8f81109124ed70555db4d6ae7359dcadda4d66e2, version=1]
[2023-05-14 22:40:03] [INFO]    [OmnipathR] Cache item `8f81109124ed70555db4d6ae7359dcadda4d66e2` version 1: status changed from `started` to `ready`.
[2023-05-14 22:40:03] [SUCCESS] [OmnipathR] Downloaded 134592 interactions.
[2023-05-14 22:40:24] [TRACE]   [OmnipathR] Loaded data from RDS `/home/rtrimbou/.cache/OmnipathR/8f81109124ed70555db4d6ae7359dcadda4d66e2-1.rds`.
[2023-05-14 22:40:24] [INFO]    [OmnipathR] Loaded from cache: `https://omnipathdb.org/interactions?genesymbols=yes&datasets=omnipath,pathwayextra,kinaseextra,ligrecextra&organisms=9606&source_target=AND&fields=sources,references,curation_effort&license=academic`
[2023-05-14 22:40:25] [SUCCESS] [OmnipathR] Loaded 134592 interactions from cache.
[2023-05-14 22:46:13] [TRACE]   [OmnipathR] Loaded data from RDS `/home/rtrimbou/.cache/OmnipathR/8f81109124ed70555db4d6ae7359dcadda4d66e2-1.rds`.
[2023-05-14 22:46:14] [INFO]    [OmnipathR] Loaded from cache: `https://omnipathdb.org/interactions?genesymbols=yes&datasets=omnipath,pathwayextra,kinaseextra,ligrecextra&organisms=9606&source_target=AND&fields=sources,references,curation_effort&license=academic`
[2023-05-14 22:46:14] [SUCCESS] [OmnipathR] Loaded 134592 interactions from cache.
[2023-05-14 22:57:16] [TRACE]   [OmnipathR] Loaded data from RDS `/home/rtrimbou/.cache/OmnipathR/8f81109124ed70555db4d6ae7359dcadda4d66e2-1.rds`.
[2023-05-14 22:57:16] [INFO]    [OmnipathR] Loaded from cache: `https://omnipathdb.org/interactions?genesymbols=yes&datasets=omnipath,pathwayextra,kinaseextra,ligrecextra&organisms=9606&source_target=AND&fields=sources,references,curation_effort&license=academic`
[2023-05-14 22:57:17] [SUCCESS] [OmnipathR] Loaded 134592 interactions from cache.
[2023-05-14 23:00:46] [TRACE]   [OmnipathR] Loaded data from RDS `/home/rtrimbou/.cache/OmnipathR/8f81109124ed70555db4d6ae7359dcadda4d66e2-1.rds`.
[2023-05-14 23:00:46] [INFO]    [OmnipathR] Loaded from cache: `https://omnipathdb.org/interactions?genesymbols=yes&datasets=omnipath,pathwayextra,kinaseextra,ligrecextra&organisms=9606&source_target=AND&fields=sources,references,curation_effort&license=academic`
[2023-05-14 23:00:47] [SUCCESS] [OmnipathR] Loaded 134592 interactions from cache.
[2023-05-14 23:02:48] [TRACE]   [OmnipathR] Loaded data from RDS `/home/rtrimbou/.cache/OmnipathR/8f81109124ed70555db4d6ae7359dcadda4d66e2-1.rds`.
[2023-05-14 23:02:48] [INFO]    [OmnipathR] Loaded from cache: `https://omnipathdb.org/interactions?genesymbols=yes&datasets=omnipath,pathwayextra,kinaseextra,ligrecextra&organisms=9606&source_target=AND&fields=sources,references,curation_effort&license=academic`
[2023-05-14 23:02:48] [SUCCESS] [OmnipathR] Loaded 134592 interactions from cache.
[2023-05-14 23:07:00] [TRACE]   [OmnipathR] Loaded data from RDS `/home/rtrimbou/.cache/OmnipathR/8f81109124ed70555db4d6ae7359dcadda4d66e2-1.rds`.
[2023-05-14 23:07:00] [INFO]    [OmnipathR] Loaded from cache: `https://omnipathdb.org/interactions?genesymbols=yes&datasets=omnipath,pathwayextra,kinaseextra,ligrecextra&organisms=9606&source_target=AND&fields=sources,references,curation_effort&license=academic`
[2023-05-14 23:07:01] [SUCCESS] [OmnipathR] Loaded 134592 interactions from cache.
[2023-05-14 23:11:15] [TRACE]   [OmnipathR] Loaded data from RDS `/home/rtrimbou/.cache/OmnipathR/8f81109124ed70555db4d6ae7359dcadda4d66e2-1.rds`.
[2023-05-14 23:11:15] [INFO]    [OmnipathR] Loaded from cache: `https://omnipathdb.org/interactions?genesymbols=yes&datasets=omnipath,pathwayextra,kinaseextra,ligrecextra&organisms=9606&source_target=AND&fields=sources,references,curation_effort&license=academic`
[2023-05-14 23:11:16] [SUCCESS] [OmnipathR] Loaded 134592 interactions from cache.
[2023-05-14 23:13:56] [TRACE]   [OmnipathR] Loaded data from RDS `/home/rtrimbou/.cache/OmnipathR/8f81109124ed70555db4d6ae7359dcadda4d66e2-1.rds`.
[2023-05-14 23:13:56] [INFO]    [OmnipathR] Loaded from cache: `https://omnipathdb.org/interactions?genesymbols=yes&datasets=omnipath,pathwayextra,kinaseextra,ligrecextra&organisms=9606&source_target=AND&fields=sources,references,curation_effort&license=academic`
[2023-05-14 23:13:57] [SUCCESS] [OmnipathR] Loaded 134592 interactions from cache.
[2023-05-14 23:19:59] [TRACE]   [OmnipathR] Loaded data from RDS `/home/rtrimbou/.cache/OmnipathR/8f81109124ed70555db4d6ae7359dcadda4d66e2-1.rds`.
[2023-05-14 23:19:59] [INFO]    [OmnipathR] Loaded from cache: `https://omnipathdb.org/interactions?genesymbols=yes&datasets=omnipath,pathwayextra,kinaseextra,ligrecextra&organisms=9606&source_target=AND&fields=sources,references,curation_effort&license=academic`
[2023-05-14 23:19:59] [SUCCESS] [OmnipathR] Loaded 134592 interactions from cache.
[2023-05-14 23:25:04] [TRACE]   [OmnipathR] Loaded data from RDS `/home/rtrimbou/.cache/OmnipathR/8f81109124ed70555db4d6ae7359dcadda4d66e2-1.rds`.
[2023-05-14 23:25:04] [INFO]    [OmnipathR] Loaded from cache: `https://omnipathdb.org/interactions?genesymbols=yes&datasets=omnipath,pathwayextra,kinaseextra,ligrecextra&organisms=9606&source_target=AND&fields=sources,references,curation_effort&license=academic`
[2023-05-14 23:25:05] [SUCCESS] [OmnipathR] Loaded 134592 interactions from cache.
[2023-05-14 23:27:32] [TRACE]   [OmnipathR] Loaded data from RDS `/home/rtrimbou/.cache/OmnipathR/8f81109124ed70555db4d6ae7359dcadda4d66e2-1.rds`.
[2023-05-14 23:27:32] [INFO]    [OmnipathR] Loaded from cache: `https://omnipathdb.org/interactions?genesymbols=yes&datasets=omnipath,pathwayextra,kinaseextra,ligrecextra&organisms=9606&source_target=AND&fields=sources,references,curation_effort&license=academic`
[2023-05-14 23:27:33] [SUCCESS] [OmnipathR] Loaded 134592 interactions from cache.
[2023-05-14 23:30:12] [TRACE]   [OmnipathR] Loaded data from RDS `/home/rtrimbou/.cache/OmnipathR/8f81109124ed70555db4d6ae7359dcadda4d66e2-1.rds`.
[2023-05-14 23:30:12] [INFO]    [OmnipathR] Loaded from cache: `https://omnipathdb.org/interactions?genesymbols=yes&datasets=omnipath,pathwayextra,kinaseextra,ligrecextra&organisms=9606&source_target=AND&fields=sources,references,curation_effort&license=academic`
[2023-05-14 23:30:13] [SUCCESS] [OmnipathR] Loaded 134592 interactions from cache.
[2023-05-14 23:36:37] [TRACE]   [OmnipathR] Loaded data from RDS `/home/rtrimbou/.cache/OmnipathR/8f81109124ed70555db4d6ae7359dcadda4d66e2-1.rds`.
[2023-05-14 23:36:37] [INFO]    [OmnipathR] Loaded from cache: `https://omnipathdb.org/interactions?genesymbols=yes&datasets=omnipath,pathwayextra,kinaseextra,ligrecextra&organisms=9606&source_target=AND&fields=sources,references,curation_effort&license=academic`
[2023-05-14 23:36:38] [SUCCESS] [OmnipathR] Loaded 134592 interactions from cache.
[2023-05-14 23:39:41] [TRACE]   [OmnipathR] Loaded data from RDS `/home/rtrimbou/.cache/OmnipathR/8f81109124ed70555db4d6ae7359dcadda4d66e2-1.rds`.
[2023-05-14 23:39:41] [INFO]    [OmnipathR] Loaded from cache: `https://omnipathdb.org/interactions?genesymbols=yes&datasets=omnipath,pathwayextra,kinaseextra,ligrecextra&organisms=9606&source_target=AND&fields=sources,references,curation_effort&license=academic`
[2023-05-14 23:39:42] [SUCCESS] [OmnipathR] Loaded 134592 interactions from cache.
[2023-05-14 23:46:48] [TRACE]   [OmnipathR] Loaded data from RDS `/home/rtrimbou/.cache/OmnipathR/8f81109124ed70555db4d6ae7359dcadda4d66e2-1.rds`.
[2023-05-14 23:46:48] [INFO]    [OmnipathR] Loaded from cache: `https://omnipathdb.org/interactions?genesymbols=yes&datasets=omnipath,pathwayextra,kinaseextra,ligrecextra&organisms=9606&source_target=AND&fields=sources,references,curation_effort&license=academic`
[2023-05-14 23:46:48] [SUCCESS] [OmnipathR] Loaded 134592 interactions from cache.
[2023-05-14 23:50:53] [TRACE]   [OmnipathR] Loaded data from RDS `/home/rtrimbou/.cache/OmnipathR/8f81109124ed70555db4d6ae7359dcadda4d66e2-1.rds`.
[2023-05-14 23:50:53] [INFO]    [OmnipathR] Loaded from cache: `https://omnipathdb.org/interactions?genesymbols=yes&datasets=omnipath,pathwayextra,kinaseextra,ligrecextra&organisms=9606&source_target=AND&fields=sources,references,curation_effort&license=academic`
[2023-05-14 23:50:53] [SUCCESS] [OmnipathR] Loaded 134592 interactions from cache.
[2023-05-14 23:53:31] [TRACE]   [OmnipathR] Loaded data from RDS `/home/rtrimbou/.cache/OmnipathR/8f81109124ed70555db4d6ae7359dcadda4d66e2-1.rds`.
[2023-05-14 23:53:31] [INFO]    [OmnipathR] Loaded from cache: `https://omnipathdb.org/interactions?genesymbols=yes&datasets=omnipath,pathwayextra,kinaseextra,ligrecextra&organisms=9606&source_target=AND&fields=sources,references,curation_effort&license=academic`
[2023-05-14 23:53:32] [SUCCESS] [OmnipathR] Loaded 134592 interactions from cache.
