[2023-04-06 22:21:24] [INFO]    [OmnipathR] Initialized cache: `/home/rtrimbou/.cache/OmnipathR`.
[2023-04-06 22:21:24] [INFO]    [OmnipathR] Welcome to OmnipathR!
[2023-04-06 22:22:44] [TRACE]   [OmnipathR] Loaded data from RDS `/home/rtrimbou/.cache/OmnipathR/53506d03757d694de81ccd6d367092e77e78e5bb-1.rds`.
[2023-04-06 22:22:44] [INFO]    [OmnipathR] Loaded from cache: `https://omnipathdb.org/interactions?genesymbols=yes&datasets=omnipath,pathwayextra,kinaseextra,ligrecextra&organisms=9606&source_target=AND&fields=sources,references,curation_effort&partners=ARID3A,ARID3B,ARID2,ARNT2,ATF2,ATF6,ATF1,ATF4,BACH1,ATF3,ATF6B,AR,BBX&license=academic`
[2023-04-06 22:22:44] [SUCCESS] [OmnipathR] Loaded 2 interactions from cache.
[2023-04-06 22:25:12] [TRACE]   [OmnipathR] Loaded data from RDS `/home/rtrimbou/.cache/OmnipathR/53506d03757d694de81ccd6d367092e77e78e5bb-1.rds`.
[2023-04-06 22:25:12] [INFO]    [OmnipathR] Loaded from cache: `https://omnipathdb.org/interactions?genesymbols=yes&datasets=omnipath,pathwayextra,kinaseextra,ligrecextra&organisms=9606&source_target=AND&fields=sources,references,curation_effort&partners=ARID3A,ARID3B,ARID2,ARNT2,ATF2,ATF6,ATF1,ATF4,BACH1,ATF3,ATF6B,AR,BBX&license=academic`
[2023-04-06 22:25:12] [SUCCESS] [OmnipathR] Loaded 2 interactions from cache.
[2023-04-06 22:26:51] [TRACE]   [OmnipathR] Loaded data from RDS `/home/rtrimbou/.cache/OmnipathR/53506d03757d694de81ccd6d367092e77e78e5bb-1.rds`.
[2023-04-06 22:26:51] [INFO]    [OmnipathR] Loaded from cache: `https://omnipathdb.org/interactions?genesymbols=yes&datasets=omnipath,pathwayextra,kinaseextra,ligrecextra&organisms=9606&source_target=AND&fields=sources,references,curation_effort&partners=ARID3A,ARID3B,ARID2,ARNT2,ATF2,ATF6,ATF1,ATF4,BACH1,ATF3,ATF6B,AR,BBX&license=academic`
[2023-04-06 22:26:51] [SUCCESS] [OmnipathR] Loaded 2 interactions from cache.
[2023-04-06 22:29:14] [TRACE]   [OmnipathR] Loaded data from RDS `/home/rtrimbou/.cache/OmnipathR/53506d03757d694de81ccd6d367092e77e78e5bb-1.rds`.
[2023-04-06 22:29:14] [INFO]    [OmnipathR] Loaded from cache: `https://omnipathdb.org/interactions?genesymbols=yes&datasets=omnipath,pathwayextra,kinaseextra,ligrecextra&organisms=9606&source_target=AND&fields=sources,references,curation_effort&partners=ARID3A,ARID3B,ARID2,ARNT2,ATF2,ATF6,ATF1,ATF4,BACH1,ATF3,ATF6B,AR,BBX&license=academic`
[2023-04-06 22:29:14] [SUCCESS] [OmnipathR] Loaded 2 interactions from cache.
[2023-04-06 22:34:02] [TRACE]   [OmnipathR] Loaded data from RDS `/home/rtrimbou/.cache/OmnipathR/53506d03757d694de81ccd6d367092e77e78e5bb-1.rds`.
[2023-04-06 22:34:02] [INFO]    [OmnipathR] Loaded from cache: `https://omnipathdb.org/interactions?genesymbols=yes&datasets=omnipath,pathwayextra,kinaseextra,ligrecextra&organisms=9606&source_target=AND&fields=sources,references,curation_effort&partners=ARID3A,ARID3B,ARID2,ARNT2,ATF2,ATF6,ATF1,ATF4,BACH1,ATF3,ATF6B,AR,BBX&license=academic`
[2023-04-06 22:34:02] [SUCCESS] [OmnipathR] Loaded 2 interactions from cache.
[2023-04-06 22:40:16] [TRACE]   [OmnipathR] Loaded data from RDS `/home/rtrimbou/.cache/OmnipathR/53506d03757d694de81ccd6d367092e77e78e5bb-1.rds`.
[2023-04-06 22:40:16] [INFO]    [OmnipathR] Loaded from cache: `https://omnipathdb.org/interactions?genesymbols=yes&datasets=omnipath,pathwayextra,kinaseextra,ligrecextra&organisms=9606&source_target=AND&fields=sources,references,curation_effort&partners=ARID3A,ARID3B,ARID2,ARNT2,ATF2,ATF6,ATF1,ATF4,BACH1,ATF3,ATF6B,AR,BBX&license=academic`
[2023-04-06 22:40:16] [SUCCESS] [OmnipathR] Loaded 2 interactions from cache.
[2023-04-06 22:45:00] [TRACE]   [OmnipathR] Loaded data from RDS `/home/rtrimbou/.cache/OmnipathR/53506d03757d694de81ccd6d367092e77e78e5bb-1.rds`.
[2023-04-06 22:45:00] [INFO]    [OmnipathR] Loaded from cache: `https://omnipathdb.org/interactions?genesymbols=yes&datasets=omnipath,pathwayextra,kinaseextra,ligrecextra&organisms=9606&source_target=AND&fields=sources,references,curation_effort&partners=ARID3A,ARID3B,ARID2,ARNT2,ATF2,ATF6,ATF1,ATF4,BACH1,ATF3,ATF6B,AR,BBX&license=academic`
[2023-04-06 22:45:00] [SUCCESS] [OmnipathR] Loaded 2 interactions from cache.
[2023-04-06 22:50:13] [TRACE]   [OmnipathR] Loaded data from RDS `/home/rtrimbou/.cache/OmnipathR/53506d03757d694de81ccd6d367092e77e78e5bb-1.rds`.
[2023-04-06 22:50:13] [INFO]    [OmnipathR] Loaded from cache: `https://omnipathdb.org/interactions?genesymbols=yes&datasets=omnipath,pathwayextra,kinaseextra,ligrecextra&organisms=9606&source_target=AND&fields=sources,references,curation_effort&partners=ARID3A,ARID3B,ARID2,ARNT2,ATF2,ATF6,ATF1,ATF4,BACH1,ATF3,ATF6B,AR,BBX&license=academic`
[2023-04-06 22:50:13] [SUCCESS] [OmnipathR] Loaded 2 interactions from cache.
[2023-04-06 22:54:02] [TRACE]   [OmnipathR] Loaded data from RDS `/home/rtrimbou/.cache/OmnipathR/53506d03757d694de81ccd6d367092e77e78e5bb-1.rds`.
[2023-04-06 22:54:02] [INFO]    [OmnipathR] Loaded from cache: `https://omnipathdb.org/interactions?genesymbols=yes&datasets=omnipath,pathwayextra,kinaseextra,ligrecextra&organisms=9606&source_target=AND&fields=sources,references,curation_effort&partners=ARID3A,ARID3B,ARID2,ARNT2,ATF2,ATF6,ATF1,ATF4,BACH1,ATF3,ATF6B,AR,BBX&license=academic`
[2023-04-06 22:54:02] [SUCCESS] [OmnipathR] Loaded 2 interactions from cache.
[2023-04-06 23:01:31] [TRACE]   [OmnipathR] Loaded data from RDS `/home/rtrimbou/.cache/OmnipathR/53506d03757d694de81ccd6d367092e77e78e5bb-1.rds`.
[2023-04-06 23:01:31] [INFO]    [OmnipathR] Loaded from cache: `https://omnipathdb.org/interactions?genesymbols=yes&datasets=omnipath,pathwayextra,kinaseextra,ligrecextra&organisms=9606&source_target=AND&fields=sources,references,curation_effort&partners=ARID3A,ARID3B,ARID2,ARNT2,ATF2,ATF6,ATF1,ATF4,BACH1,ATF3,ATF6B,AR,BBX&license=academic`
[2023-04-06 23:01:31] [SUCCESS] [OmnipathR] Loaded 2 interactions from cache.
[2023-04-06 23:02:21] [TRACE]   [OmnipathR] Loaded data from RDS `/home/rtrimbou/.cache/OmnipathR/53506d03757d694de81ccd6d367092e77e78e5bb-1.rds`.
[2023-04-06 23:02:21] [INFO]    [OmnipathR] Loaded from cache: `https://omnipathdb.org/interactions?genesymbols=yes&datasets=omnipath,pathwayextra,kinaseextra,ligrecextra&organisms=9606&source_target=AND&fields=sources,references,curation_effort&partners=ARID3A,ARID3B,ARID2,ARNT2,ATF2,ATF6,ATF1,ATF4,BACH1,ATF3,ATF6B,AR,BBX&license=academic`
[2023-04-06 23:02:21] [SUCCESS] [OmnipathR] Loaded 2 interactions from cache.
[2023-04-06 23:22:55] [TRACE]   [OmnipathR] Loaded data from RDS `/home/rtrimbou/.cache/OmnipathR/53506d03757d694de81ccd6d367092e77e78e5bb-1.rds`.
[2023-04-06 23:22:55] [INFO]    [OmnipathR] Loaded from cache: `https://omnipathdb.org/interactions?genesymbols=yes&datasets=omnipath,pathwayextra,kinaseextra,ligrecextra&organisms=9606&source_target=AND&fields=sources,references,curation_effort&partners=ARID3A,ARID3B,ARID2,ARNT2,ATF2,ATF6,ATF1,ATF4,BACH1,ATF3,ATF6B,AR,BBX&license=academic`
[2023-04-06 23:22:55] [SUCCESS] [OmnipathR] Loaded 2 interactions from cache.
