[2023-04-06 15:25:20] [INFO]    [OmnipathR] Initialized cache: `/home/rtrimbou/.cache/OmnipathR`.
[2023-04-06 15:25:21] [INFO]    [OmnipathR] Welcome to OmnipathR!
[2023-04-06 15:54:30] [INFO]    [OmnipathR] Cache record does not exist: `https://omnipathdb.org/interactions?genesymbols=yes&datasets=omnipath,pathwayextra,kinaseextra,ligrecextra&organisms=9606&source_target=AND&fields=sources,references,curation_effort&partners=ARID3A,ARID3B,ARID2,ARNT2,ATF2,ATF6,ATF1,ATF4,BACH1,ATF3,ATF6B,BCL11A,BRCA1,AR,BBX,BPTF&license=academic`
[2023-04-06 15:54:30] [INFO]    [OmnipathR] Retrieving URL: `https://omnipathdb.org/interactions?genesymbols=yes&datasets=omnipath,pathwayextra,kinaseextra,ligrecextra&organisms=9606&source_target=AND&fields=sources,references,curation_effort&partners=ARID3A,ARID3B,ARID2,ARNT2,ATF2,ATF6,ATF1,ATF4,BACH1,ATF3,ATF6B,BCL11A,BRCA1,AR,BBX,BPTF&license=academic`
[2023-04-06 15:54:30] [TRACE]   [OmnipathR] Attempt 1/3: `https://omnipathdb.org/interactions?genesymbols=yes&datasets=omnipath,pathwayextra,kinaseextra,ligrecextra&organisms=9606&source_target=AND&fields=sources,references,curation_effort&partners=ARID3A,ARID3B,ARID2,ARNT2,ATF2,ATF6,ATF1,ATF4,BACH1,ATF3,ATF6B,BCL11A,BRCA1,AR,BBX,BPTF&license=academic`
[2023-04-06 15:54:31] [INFO]    [OmnipathR] Cache item `6efb9a36bf32a90a8dc3961f8e151d87fd0c952f` version 1: status changed from `unknown` to `started`.
[2023-04-06 15:54:31] [TRACE]   [OmnipathR] Exporting object to RDS: `/home/rtrimbou/.cache/OmnipathR/6efb9a36bf32a90a8dc3961f8e151d87fd0c952f-1.rds`.
[2023-04-06 15:54:31] [TRACE]   [OmnipathR] Exported RDS to `/home/rtrimbou/.cache/OmnipathR/6efb9a36bf32a90a8dc3961f8e151d87fd0c952f-1.rds`.
[2023-04-06 15:54:31] [INFO]    [OmnipathR] Download ready [key=6efb9a36bf32a90a8dc3961f8e151d87fd0c952f, version=1]
[2023-04-06 15:54:31] [INFO]    [OmnipathR] Cache item `6efb9a36bf32a90a8dc3961f8e151d87fd0c952f` version 1: status changed from `started` to `ready`.
[2023-04-06 15:54:31] [SUCCESS] [OmnipathR] Downloaded 3 interactions.
[2023-04-06 15:59:42] [INFO]    [OmnipathR] Cache record does not exist: `https://omnipathdb.org/interactions?genesymbols=yes&datasets=omnipath,pathwayextra,kinaseextra,ligrecextra&organisms=9606&source_target=AND&fields=sources,references,curation_effort&partners=ARID3A,ARID3B,ARID2,ARNT2,ATF2,ATF6,ATF1,ATF4,BACH1,ATF3,ATF6B,AR,BBX&license=academic`
[2023-04-06 15:59:42] [INFO]    [OmnipathR] Retrieving URL: `https://omnipathdb.org/interactions?genesymbols=yes&datasets=omnipath,pathwayextra,kinaseextra,ligrecextra&organisms=9606&source_target=AND&fields=sources,references,curation_effort&partners=ARID3A,ARID3B,ARID2,ARNT2,ATF2,ATF6,ATF1,ATF4,BACH1,ATF3,ATF6B,AR,BBX&license=academic`
[2023-04-06 15:59:42] [TRACE]   [OmnipathR] Attempt 1/3: `https://omnipathdb.org/interactions?genesymbols=yes&datasets=omnipath,pathwayextra,kinaseextra,ligrecextra&organisms=9606&source_target=AND&fields=sources,references,curation_effort&partners=ARID3A,ARID3B,ARID2,ARNT2,ATF2,ATF6,ATF1,ATF4,BACH1,ATF3,ATF6B,AR,BBX&license=academic`
[2023-04-06 15:59:43] [INFO]    [OmnipathR] Cache item `53506d03757d694de81ccd6d367092e77e78e5bb` version 1: status changed from `unknown` to `started`.
[2023-04-06 15:59:43] [TRACE]   [OmnipathR] Exporting object to RDS: `/home/rtrimbou/.cache/OmnipathR/53506d03757d694de81ccd6d367092e77e78e5bb-1.rds`.
[2023-04-06 15:59:43] [TRACE]   [OmnipathR] Exported RDS to `/home/rtrimbou/.cache/OmnipathR/53506d03757d694de81ccd6d367092e77e78e5bb-1.rds`.
[2023-04-06 15:59:43] [INFO]    [OmnipathR] Download ready [key=53506d03757d694de81ccd6d367092e77e78e5bb, version=1]
[2023-04-06 15:59:43] [INFO]    [OmnipathR] Cache item `53506d03757d694de81ccd6d367092e77e78e5bb` version 1: status changed from `started` to `ready`.
[2023-04-06 15:59:43] [SUCCESS] [OmnipathR] Downloaded 2 interactions.
[2023-04-06 16:01:03] [TRACE]   [OmnipathR] Loaded data from RDS `/home/rtrimbou/.cache/OmnipathR/53506d03757d694de81ccd6d367092e77e78e5bb-1.rds`.
[2023-04-06 16:01:03] [INFO]    [OmnipathR] Loaded from cache: `https://omnipathdb.org/interactions?genesymbols=yes&datasets=omnipath,pathwayextra,kinaseextra,ligrecextra&organisms=9606&source_target=AND&fields=sources,references,curation_effort&partners=ARID3A,ARID3B,ARID2,ARNT2,ATF2,ATF6,ATF1,ATF4,BACH1,ATF3,ATF6B,AR,BBX&license=academic`
[2023-04-06 16:01:03] [SUCCESS] [OmnipathR] Loaded 2 interactions from cache.
[2023-04-06 16:02:01] [TRACE]   [OmnipathR] Loaded data from RDS `/home/rtrimbou/.cache/OmnipathR/53506d03757d694de81ccd6d367092e77e78e5bb-1.rds`.
[2023-04-06 16:02:01] [INFO]    [OmnipathR] Loaded from cache: `https://omnipathdb.org/interactions?genesymbols=yes&datasets=omnipath,pathwayextra,kinaseextra,ligrecextra&organisms=9606&source_target=AND&fields=sources,references,curation_effort&partners=ARID3A,ARID3B,ARID2,ARNT2,ATF2,ATF6,ATF1,ATF4,BACH1,ATF3,ATF6B,AR,BBX&license=academic`
[2023-04-06 16:02:01] [SUCCESS] [OmnipathR] Loaded 2 interactions from cache.
[2023-04-06 16:03:37] [TRACE]   [OmnipathR] Loaded data from RDS `/home/rtrimbou/.cache/OmnipathR/53506d03757d694de81ccd6d367092e77e78e5bb-1.rds`.
[2023-04-06 16:03:37] [INFO]    [OmnipathR] Loaded from cache: `https://omnipathdb.org/interactions?genesymbols=yes&datasets=omnipath,pathwayextra,kinaseextra,ligrecextra&organisms=9606&source_target=AND&fields=sources,references,curation_effort&partners=ARID3A,ARID3B,ARID2,ARNT2,ATF2,ATF6,ATF1,ATF4,BACH1,ATF3,ATF6B,AR,BBX&license=academic`
[2023-04-06 16:03:37] [SUCCESS] [OmnipathR] Loaded 2 interactions from cache.
[2023-04-06 16:07:40] [TRACE]   [OmnipathR] Loaded data from RDS `/home/rtrimbou/.cache/OmnipathR/53506d03757d694de81ccd6d367092e77e78e5bb-1.rds`.
[2023-04-06 16:07:40] [INFO]    [OmnipathR] Loaded from cache: `https://omnipathdb.org/interactions?genesymbols=yes&datasets=omnipath,pathwayextra,kinaseextra,ligrecextra&organisms=9606&source_target=AND&fields=sources,references,curation_effort&partners=ARID3A,ARID3B,ARID2,ARNT2,ATF2,ATF6,ATF1,ATF4,BACH1,ATF3,ATF6B,AR,BBX&license=academic`
[2023-04-06 16:07:40] [SUCCESS] [OmnipathR] Loaded 2 interactions from cache.
[2023-04-06 16:35:21] [TRACE]   [OmnipathR] Loaded data from RDS `/home/rtrimbou/.cache/OmnipathR/53506d03757d694de81ccd6d367092e77e78e5bb-1.rds`.
[2023-04-06 16:35:21] [INFO]    [OmnipathR] Loaded from cache: `https://omnipathdb.org/interactions?genesymbols=yes&datasets=omnipath,pathwayextra,kinaseextra,ligrecextra&organisms=9606&source_target=AND&fields=sources,references,curation_effort&partners=ARID3A,ARID3B,ARID2,ARNT2,ATF2,ATF6,ATF1,ATF4,BACH1,ATF3,ATF6B,AR,BBX&license=academic`
[2023-04-06 16:35:21] [SUCCESS] [OmnipathR] Loaded 2 interactions from cache.
[2023-04-06 16:38:48] [TRACE]   [OmnipathR] Loaded data from RDS `/home/rtrimbou/.cache/OmnipathR/53506d03757d694de81ccd6d367092e77e78e5bb-1.rds`.
[2023-04-06 16:38:48] [INFO]    [OmnipathR] Loaded from cache: `https://omnipathdb.org/interactions?genesymbols=yes&datasets=omnipath,pathwayextra,kinaseextra,ligrecextra&organisms=9606&source_target=AND&fields=sources,references,curation_effort&partners=ARID3A,ARID3B,ARID2,ARNT2,ATF2,ATF6,ATF1,ATF4,BACH1,ATF3,ATF6B,AR,BBX&license=academic`
[2023-04-06 16:38:48] [SUCCESS] [OmnipathR] Loaded 2 interactions from cache.
[2023-04-06 16:40:49] [TRACE]   [OmnipathR] Loaded data from RDS `/home/rtrimbou/.cache/OmnipathR/53506d03757d694de81ccd6d367092e77e78e5bb-1.rds`.
[2023-04-06 16:40:49] [INFO]    [OmnipathR] Loaded from cache: `https://omnipathdb.org/interactions?genesymbols=yes&datasets=omnipath,pathwayextra,kinaseextra,ligrecextra&organisms=9606&source_target=AND&fields=sources,references,curation_effort&partners=ARID3A,ARID3B,ARID2,ARNT2,ATF2,ATF6,ATF1,ATF4,BACH1,ATF3,ATF6B,AR,BBX&license=academic`
[2023-04-06 16:40:49] [SUCCESS] [OmnipathR] Loaded 2 interactions from cache.
[2023-04-06 16:48:29] [TRACE]   [OmnipathR] Loaded data from RDS `/home/rtrimbou/.cache/OmnipathR/53506d03757d694de81ccd6d367092e77e78e5bb-1.rds`.
[2023-04-06 16:48:29] [INFO]    [OmnipathR] Loaded from cache: `https://omnipathdb.org/interactions?genesymbols=yes&datasets=omnipath,pathwayextra,kinaseextra,ligrecextra&organisms=9606&source_target=AND&fields=sources,references,curation_effort&partners=ARID3A,ARID3B,ARID2,ARNT2,ATF2,ATF6,ATF1,ATF4,BACH1,ATF3,ATF6B,AR,BBX&license=academic`
[2023-04-06 16:48:30] [SUCCESS] [OmnipathR] Loaded 2 interactions from cache.
