[2023-06-18 01:07:41] [INFO]    [OmnipathR] Welcome to OmnipathR!
[2023-06-18 01:07:41] [TRACE]   [OmnipathR] Reading JSON from `/home/runner/.cache/OmnipathR/cache.json` (encoding: UTF-8).
[2023-06-18 01:07:41] [TRACE]   [OmnipathR] JSON validation successful: TRUE
[2023-06-18 01:07:41] [INFO]    [OmnipathR] Initialized cache: `/home/runner/.cache/OmnipathR`.
[2023-06-18 01:07:41] [TRACE]   [OmnipathR] Reading JSON from `/home/runner/work/_temp/Library/OmnipathR/db/db_def.json` (encoding: UTF-8).
[2023-06-18 01:07:41] [TRACE]   [OmnipathR] JSON validation successful: TRUE
[2023-06-18 01:07:41] [TRACE]   [OmnipathR] Reading JSON from `/home/runner/work/_temp/Library/OmnipathR/internal/magic_bytes.json` (encoding: UTF-8).
[2023-06-18 01:07:41] [TRACE]   [OmnipathR] JSON validation successful: TRUE
[2023-06-18 01:07:41] [TRACE]   [OmnipathR] Reading JSON from `/home/runner/work/_temp/Library/OmnipathR/internal/urls.json` (encoding: UTF-8).
[2023-06-18 01:07:41] [TRACE]   [OmnipathR] JSON validation successful: TRUE
[2023-06-18 01:07:41] [TRACE]   [OmnipathR] Reading JSON from `/home/runner/work/_temp/Library/OmnipathR/internal/id_types.json` (encoding: UTF-8).
[2023-06-18 01:07:41] [TRACE]   [OmnipathR] JSON validation successful: TRUE
[2023-06-18 01:07:41] [INFO]    [OmnipathR] Cache record does not exist: `https://omnipathdb.org/interactions?genesymbols=yes&datasets=omnipath,pathwayextra,kinaseextra,ligrecextra&organisms=9606&source_target=AND&fields=sources,references,curation_effort&license=academic`
[2023-06-18 01:07:41] [INFO]    [OmnipathR] Retrieving URL: `https://omnipathdb.org/interactions?genesymbols=yes&datasets=omnipath,pathwayextra,kinaseextra,ligrecextra&organisms=9606&source_target=AND&fields=sources,references,curation_effort&license=academic`
[2023-06-18 01:07:41] [TRACE]   [OmnipathR] Attempt 1/3: `https://omnipathdb.org/interactions?genesymbols=yes&datasets=omnipath,pathwayextra,kinaseextra,ligrecextra&organisms=9606&source_target=AND&fields=sources,references,curation_effort&license=academic`
[2023-06-18 01:07:42] [TRACE]   [OmnipathR] Reading JSON from `/home/runner/.cache/OmnipathR/cache.json` (encoding: UTF-8).
[2023-06-18 01:07:42] [TRACE]   [OmnipathR] JSON validation successful: TRUE
[2023-06-18 01:07:42] [TRACE]   [OmnipathR] Reading JSON from `/home/runner/.cache/OmnipathR/cache.json` (encoding: UTF-8).
[2023-06-18 01:07:42] [TRACE]   [OmnipathR] JSON validation successful: TRUE
[2023-06-18 01:07:42] [INFO]    [OmnipathR] Cache item `8f81109124ed70555db4d6ae7359dcadda4d66e2` version 1: status changed from `unknown` to `started`.
[2023-06-18 01:07:42] [TRACE]   [OmnipathR] Exporting object to RDS: `/home/runner/.cache/OmnipathR/8f81109124ed70555db4d6ae7359dcadda4d66e2-1.rds`.
[2023-06-18 01:07:43] [TRACE]   [OmnipathR] Exported RDS to `/home/runner/.cache/OmnipathR/8f81109124ed70555db4d6ae7359dcadda4d66e2-1.rds`.
[2023-06-18 01:07:43] [INFO]    [OmnipathR] Download ready [key=8f81109124ed70555db4d6ae7359dcadda4d66e2, version=1]
[2023-06-18 01:07:43] [TRACE]   [OmnipathR] Reading JSON from `/home/runner/.cache/OmnipathR/cache.json` (encoding: UTF-8).
[2023-06-18 01:07:43] [TRACE]   [OmnipathR] JSON validation successful: TRUE
[2023-06-18 01:07:43] [INFO]    [OmnipathR] Cache item `8f81109124ed70555db4d6ae7359dcadda4d66e2` version 1: status changed from `started` to `ready`.
[2023-06-18 01:07:46] [SUCCESS] [OmnipathR] Downloaded 134282 interactions.
